Feb 22, 2016 6:35:41 PM garden.Weather$WeatherTask run
INFO: 

 Today's weather/ situation is normal. Time: 0 sec
Feb 22, 2016 6:35:53 PM garden.Sprinkler$SprinklerTask run
INFO: Sprinkler is on! Time: 12 sec
Feb 22, 2016 6:35:53 PM garden.Heater$HeaterTask run
INFO: Heater is on! Time: 12 sec
Feb 22, 2016 6:35:53 PM garden.Fertilizer$FertilizerTask run
INFO: Fertilizing! Time: 12 sec
Feb 22, 2016 6:35:56 PM garden.Sprinkler$SprinklerOffTask run
INFO: Sprinkler is off! Time: 15 sec
Feb 22, 2016 6:35:56 PM garden.Heater$HeaterOffTask run
INFO: Heater is off! Time: 15 sec
Feb 22, 2016 6:35:56 PM garden.Fertilizer$FertilizerOffTask run
INFO: Fertilizing finished! Time: 15 sec
Feb 22, 2016 6:36:05 PM garden.Weather$WeatherTask run
INFO: 

 Today's weather/ situation is normal. Time: 24 sec
Feb 22, 2016 6:36:05 PM garden.Sprinkler$SprinklerTask run
INFO: Sprinkler is on! Time: 24 sec
Feb 22, 2016 6:36:05 PM garden.Heater$HeaterTask run
INFO: Heater is on! Time: 24 sec
Feb 22, 2016 6:36:05 PM garden.Fertilizer$FertilizerTask run
INFO: Fertilizing! Time: 24 sec
Feb 22, 2016 6:36:08 PM garden.Sprinkler$SprinklerOffTask run
INFO: Sprinkler is off! Time: 27 sec
Feb 22, 2016 6:36:08 PM garden.Heater$HeaterOffTask run
INFO: Heater is off! Time: 27 sec
Feb 22, 2016 6:36:08 PM garden.Fertilizer$FertilizerOffTask run
INFO: Fertilizing finished! Time: 27 sec
Feb 22, 2016 6:36:17 PM garden.Sprinkler$SprinklerTask run
INFO: Sprinkler is on! Time: 36 sec
Feb 22, 2016 6:36:17 PM garden.Heater$HeaterTask run
INFO: Heater is on! Time: 36 sec
Feb 22, 2016 6:36:17 PM garden.Fertilizer$FertilizerTask run
INFO: Fertilizing! Time: 36 sec
Feb 22, 2016 6:36:20 PM garden.Sprinkler$SprinklerOffTask run
INFO: Sprinkler is off! Time: 39 sec
Feb 22, 2016 6:36:20 PM garden.Heater$HeaterOffTask run
INFO: Heater is off! Time: 39 sec
Feb 22, 2016 6:36:20 PM garden.Fertilizer$FertilizerOffTask run
INFO: Fertilizing finished! Time: 39 sec
Feb 22, 2016 6:36:29 PM garden.Weather$WeatherTask run
INFO: 

 Today's weather/ situation is normal. Time: 48 sec
Feb 22, 2016 6:36:29 PM garden.Sprinkler$SprinklerTask run
INFO: Sprinkler is on! Time: 48 sec
Feb 22, 2016 6:36:29 PM garden.Heater$HeaterTask run
INFO: Heater is on! Time: 48 sec
Feb 22, 2016 6:36:30 PM garden.Fertilizer$FertilizerTask run
INFO: Fertilizing! Time: 48 sec
Feb 22, 2016 6:36:32 PM garden.Sprinkler$SprinklerOffTask run
INFO: Sprinkler is off! Time: 51 sec
Feb 22, 2016 6:36:32 PM garden.Heater$HeaterOffTask run
INFO: Heater is off! Time: 51 sec
Feb 22, 2016 6:36:33 PM garden.Fertilizer$FertilizerOffTask run
INFO: Fertilizing finished! Time: 51 sec
Feb 22, 2016 6:36:41 PM garden.Sprinkler$SprinklerTask run
INFO: Sprinkler is on! Time: 60 sec
Feb 22, 2016 6:36:41 PM garden.Heater$HeaterTask run
INFO: Heater is on! Time: 60 sec
Feb 22, 2016 6:36:42 PM garden.Fertilizer$FertilizerTask run
INFO: Fertilizing! Time: 60 sec
Feb 22, 2016 6:36:44 PM garden.Sprinkler$SprinklerOffTask run
INFO: Sprinkler is off! Time: 63 sec
Feb 22, 2016 6:36:44 PM garden.Heater$HeaterOffTask run
INFO: Heater is off! Time: 63 sec
Feb 22, 2016 6:36:45 PM garden.Fertilizer$FertilizerOffTask run
INFO: Fertilizing finished! Time: 63 sec
Feb 22, 2016 6:36:53 PM garden.Weather$WeatherTask run
INFO: 

 Today's weather/ situation is normal. Time: 72 sec
Feb 22, 2016 6:36:53 PM garden.Sprinkler$SprinklerTask run
INFO: Sprinkler is on! Time: 72 sec
Feb 22, 2016 6:36:53 PM garden.Heater$HeaterTask run
INFO: Heater is on! Time: 72 sec
Feb 22, 2016 6:36:54 PM garden.Fertilizer$FertilizerTask run
INFO: Fertilizing! Time: 72 sec
Feb 22, 2016 6:36:56 PM garden.Sprinkler$SprinklerOffTask run
INFO: Sprinkler is off! Time: 75 sec
Feb 22, 2016 6:36:56 PM garden.Heater$HeaterOffTask run
INFO: Heater is off! Time: 75 sec
Feb 22, 2016 6:36:57 PM garden.Fertilizer$FertilizerOffTask run
INFO: Fertilizing finished! Time: 75 sec
Feb 22, 2016 6:37:05 PM garden.Sprinkler$SprinklerTask run
INFO: Sprinkler is on! Time: 84 sec
Feb 22, 2016 6:37:05 PM garden.Heater$HeaterTask run
INFO: Heater is on! Time: 84 sec
Feb 22, 2016 6:37:06 PM garden.Fertilizer$FertilizerTask run
INFO: Fertilizing! Time: 84 sec
Feb 22, 2016 6:37:08 PM garden.Sprinkler$SprinklerOffTask run
INFO: Sprinkler is off! Time: 87 sec
Feb 22, 2016 6:37:08 PM garden.Heater$HeaterOffTask run
INFO: Heater is off! Time: 87 sec
Feb 22, 2016 6:37:09 PM garden.Fertilizer$FertilizerOffTask run
INFO: Fertilizing finished! Time: 87 sec
Feb 22, 2016 6:37:17 PM garden.Weather$WeatherTask run
INFO: 

 Today's weather/ situation is normal. Time: 96 sec
Feb 22, 2016 6:37:17 PM garden.Sprinkler$SprinklerTask run
INFO: Sprinkler is on! Time: 96 sec
Feb 22, 2016 6:37:17 PM garden.Heater$HeaterTask run
INFO: Heater is on! Time: 96 sec
Feb 22, 2016 6:37:18 PM garden.Fertilizer$FertilizerTask run
INFO: Fertilizing! Time: 96 sec
Feb 22, 2016 6:37:20 PM garden.Sprinkler$SprinklerOffTask run
INFO: Sprinkler is off! Time: 99 sec
Feb 22, 2016 6:37:20 PM garden.Heater$HeaterOffTask run
INFO: Heater is off! Time: 99 sec
Feb 22, 2016 6:37:21 PM garden.Fertilizer$FertilizerOffTask run
INFO: Fertilizing finished! Time: 99 sec
Feb 22, 2016 6:37:29 PM garden.Sprinkler$SprinklerTask run
INFO: Sprinkler is on! Time: 108 sec
Feb 22, 2016 6:37:29 PM garden.Heater$HeaterTask run
INFO: Heater is on! Time: 108 sec
Feb 22, 2016 6:37:30 PM garden.Fertilizer$FertilizerTask run
INFO: Fertilizing! Time: 108 sec
Feb 22, 2016 6:37:32 PM garden.Sprinkler$SprinklerOffTask run
INFO: Sprinkler is off! Time: 111 sec
Feb 22, 2016 6:37:32 PM garden.Heater$HeaterOffTask run
INFO: Heater is off! Time: 111 sec
Feb 22, 2016 6:37:33 PM garden.Fertilizer$FertilizerOffTask run
INFO: Fertilizing finished! Time: 111 sec
Feb 22, 2016 6:37:41 PM garden.Weather$WeatherTask run
INFO: 

 Today's weather/ situation is normal. Time: 120 sec
Feb 22, 2016 6:37:41 PM garden.Sprinkler$SprinklerTask run
INFO: Sprinkler is on! Time: 120 sec
Feb 22, 2016 6:37:41 PM garden.Heater$HeaterTask run
INFO: Heater is on! Time: 120 sec
Feb 22, 2016 6:37:42 PM garden.Fertilizer$FertilizerTask run
INFO: Fertilizing! Time: 120 sec
Feb 22, 2016 6:37:44 PM garden.Sprinkler$SprinklerOffTask run
INFO: Sprinkler is off! Time: 123 sec
Feb 22, 2016 6:37:44 PM garden.Heater$HeaterOffTask run
INFO: Heater is off! Time: 123 sec
Feb 22, 2016 6:37:45 PM garden.Fertilizer$FertilizerOffTask run
INFO: Fertilizing finished! Time: 123 sec
Feb 22, 2016 6:37:53 PM garden.Sprinkler$SprinklerTask run
INFO: Sprinkler is on! Time: 132 sec
Feb 22, 2016 6:37:53 PM garden.Heater$HeaterTask run
INFO: Heater is on! Time: 132 sec
Feb 22, 2016 6:37:54 PM garden.Fertilizer$FertilizerTask run
INFO: Fertilizing! Time: 132 sec
Feb 22, 2016 6:37:56 PM garden.Sprinkler$SprinklerOffTask run
INFO: Sprinkler is off! Time: 135 sec
Feb 22, 2016 6:37:56 PM garden.Heater$HeaterOffTask run
INFO: Heater is off! Time: 135 sec
Feb 22, 2016 6:37:57 PM garden.Fertilizer$FertilizerOffTask run
INFO: Fertilizing finished! Time: 135 sec
Feb 22, 2016 6:38:05 PM garden.Weather$WeatherTask run
INFO: 

 Today's weather/ situation is rainy. Time: 144 sec
Feb 22, 2016 6:38:05 PM garden.Heater$HeaterTask run
INFO: Heater is on! Time: 144 sec
Feb 22, 2016 6:38:06 PM garden.Sprinkler$SprinklerOffTaskRandom run
INFO: Sprinkler is off! Time: 144 sec
Feb 22, 2016 6:38:06 PM garden.Fertilizer$FertilizerTask run
INFO: Fertilizing! Time: 144 sec
Feb 22, 2016 6:38:08 PM garden.Heater$HeaterOffTask run
INFO: Heater is off! Time: 147 sec
Feb 22, 2016 6:38:09 PM garden.Fertilizer$FertilizerOffTask run
INFO: Fertilizing finished! Time: 147 sec
Feb 22, 2016 6:38:17 PM garden.Heater$HeaterTask run
INFO: Heater is on! Time: 156 sec
Feb 22, 2016 6:38:18 PM garden.Fertilizer$FertilizerTask run
INFO: Fertilizing! Time: 156 sec
Feb 22, 2016 6:38:20 PM garden.Heater$HeaterOffTask run
INFO: Heater is off! Time: 159 sec
Feb 22, 2016 6:38:21 PM garden.Fertilizer$FertilizerOffTask run
INFO: Fertilizing finished! Time: 159 sec
Feb 22, 2016 6:38:29 PM garden.Weather$WeatherTask run
INFO: 

 Today's weather/ situation is normal. Time: 168 sec
Feb 22, 2016 6:38:29 PM garden.Sprinkler$SprinklerTask run
INFO: Sprinkler is on! Time: 168 sec
Feb 22, 2016 6:38:29 PM garden.Heater$HeaterTask run
INFO: Heater is on! Time: 168 sec
Feb 22, 2016 6:38:30 PM garden.Fertilizer$FertilizerTask run
INFO: Fertilizing! Time: 168 sec
Feb 22, 2016 6:38:32 PM garden.Sprinkler$SprinklerOffTask run
INFO: Sprinkler is off! Time: 171 sec
Feb 22, 2016 6:38:32 PM garden.Heater$HeaterOffTask run
INFO: Heater is off! Time: 171 sec
Feb 22, 2016 6:38:33 PM garden.Fertilizer$FertilizerOffTask run
INFO: Fertilizing finished! Time: 171 sec
Feb 22, 2016 6:38:41 PM garden.Sprinkler$SprinklerTask run
INFO: Sprinkler is on! Time: 180 sec
Feb 22, 2016 6:38:41 PM garden.Heater$HeaterTask run
INFO: Heater is on! Time: 180 sec
Feb 22, 2016 6:38:42 PM garden.Fertilizer$FertilizerTask run
INFO: Fertilizing! Time: 180 sec
Feb 22, 2016 6:38:44 PM garden.Sprinkler$SprinklerOffTask run
INFO: Sprinkler is off! Time: 183 sec
Feb 22, 2016 6:38:44 PM garden.Heater$HeaterOffTask run
INFO: Heater is off! Time: 183 sec
Feb 22, 2016 6:38:45 PM garden.Fertilizer$FertilizerOffTask run
INFO: Fertilizing finished! Time: 183 sec
Feb 22, 2016 6:38:53 PM garden.Weather$WeatherTask run
INFO: 

 Today's weather/ situation is pest attack. Time: 192 sec
Feb 22, 2016 6:38:53 PM garden.Sprinkler$SprinklerTask run
INFO: Sprinkler is on! Time: 192 sec
Feb 22, 2016 6:38:53 PM garden.Heater$HeaterTask run
INFO: Heater is on! Time: 192 sec
Feb 22, 2016 6:38:54 PM garden.Pesticide$PesticideTask run
INFO: Pesticide spray and ladybug is on! Time: 192 sec
Feb 22, 2016 6:38:54 PM garden.Fertilizer$FertilizerTask run
INFO: Fertilizing! Time: 192 sec
Feb 22, 2016 6:38:56 PM garden.Sprinkler$SprinklerOffTask run
INFO: Sprinkler is off! Time: 195 sec
Feb 22, 2016 6:38:56 PM garden.Heater$HeaterOffTask run
INFO: Heater is off! Time: 195 sec
Feb 22, 2016 6:38:57 PM garden.Fertilizer$FertilizerOffTask run
INFO: Fertilizing finished! Time: 195 sec
Feb 22, 2016 6:39:05 PM garden.Sprinkler$SprinklerTask run
INFO: Sprinkler is on! Time: 204 sec
Feb 22, 2016 6:39:05 PM garden.Heater$HeaterTask run
INFO: Heater is on! Time: 204 sec
Feb 22, 2016 6:39:06 PM garden.Fertilizer$FertilizerTask run
INFO: Fertilizing! Time: 204 sec
Feb 22, 2016 6:39:08 PM garden.Sprinkler$SprinklerOffTask run
INFO: Sprinkler is off! Time: 207 sec
Feb 22, 2016 6:39:08 PM garden.Heater$HeaterOffTask run
INFO: Heater is off! Time: 207 sec
Feb 22, 2016 6:39:09 PM garden.Fertilizer$FertilizerOffTask run
INFO: Fertilizing finished! Time: 207 sec
Feb 22, 2016 6:39:17 PM garden.Weather$WeatherTask run
INFO: 

 Today's weather/ situation is normal. Time: 216 sec
Feb 22, 2016 6:39:17 PM garden.Sprinkler$SprinklerTask run
INFO: Sprinkler is on! Time: 216 sec
Feb 22, 2016 6:39:17 PM garden.Heater$HeaterTask run
INFO: Heater is on! Time: 216 sec
Feb 22, 2016 6:39:17 PM garden.Pesticide$PesticideOffTask run
INFO: Pesticide spray and ladybug is off! Time: 216 sec
Feb 22, 2016 6:39:18 PM garden.Fertilizer$FertilizerTask run
INFO: Fertilizing! Time: 216 sec
Feb 22, 2016 6:39:20 PM garden.Sprinkler$SprinklerOffTask run
INFO: Sprinkler is off! Time: 219 sec
Feb 22, 2016 6:39:20 PM garden.Heater$HeaterOffTask run
INFO: Heater is off! Time: 219 sec
Feb 22, 2016 6:39:21 PM garden.Fertilizer$FertilizerOffTask run
INFO: Fertilizing finished! Time: 219 sec
Feb 22, 2016 6:39:29 PM garden.Sprinkler$SprinklerTask run
INFO: Sprinkler is on! Time: 228 sec
Feb 22, 2016 6:39:29 PM garden.Heater$HeaterTask run
INFO: Heater is on! Time: 228 sec
Feb 22, 2016 6:39:30 PM garden.Fertilizer$FertilizerTask run
INFO: Fertilizing! Time: 228 sec
Feb 22, 2016 6:39:32 PM garden.Sprinkler$SprinklerOffTask run
INFO: Sprinkler is off! Time: 231 sec
Feb 22, 2016 6:39:32 PM garden.Heater$HeaterOffTask run
INFO: Heater is off! Time: 231 sec
Feb 22, 2016 6:39:33 PM garden.Fertilizer$FertilizerOffTask run
INFO: Fertilizing finished! Time: 231 sec
Feb 22, 2016 6:39:41 PM garden.Weather$WeatherTask run
INFO: 

 Today's weather/ situation is normal. Time: 240 sec
Feb 22, 2016 6:39:41 PM garden.Sprinkler$SprinklerTask run
INFO: Sprinkler is on! Time: 240 sec
Feb 22, 2016 6:39:41 PM garden.Heater$HeaterTask run
INFO: Heater is on! Time: 240 sec
Feb 22, 2016 6:39:42 PM garden.Fertilizer$FertilizerTask run
INFO: Fertilizing! Time: 240 sec
Feb 22, 2016 6:39:44 PM garden.Sprinkler$SprinklerOffTask run
INFO: Sprinkler is off! Time: 243 sec
Feb 22, 2016 6:39:44 PM garden.Heater$HeaterOffTask run
INFO: Heater is off! Time: 243 sec
Feb 22, 2016 6:39:45 PM garden.Fertilizer$FertilizerOffTask run
INFO: Fertilizing finished! Time: 243 sec
Feb 22, 2016 6:39:49 PM garden.Sprinkler$SprinklerTask run
INFO: Sprinkler is on! Time: 248 sec
Feb 22, 2016 6:39:49 PM garden.Heater$HeaterTask run
INFO: Heater is on! Time: 248 sec
Feb 22, 2016 6:39:50 PM garden.Fertilizer$FertilizerTask run
INFO: Fertilizing! Time: 248 sec
Feb 22, 2016 6:39:52 PM garden.Sprinkler$SprinklerOffTask run
INFO: Sprinkler is off! Time: 251 sec
Feb 22, 2016 6:39:52 PM garden.Heater$HeaterOffTask run
INFO: Heater is off! Time: 251 sec
Feb 22, 2016 6:39:53 PM garden.Fertilizer$FertilizerOffTask run
INFO: Fertilizing finished! Time: 251 sec
Feb 22, 2016 6:39:57 PM garden.Sprinkler$SprinklerTask run
INFO: Sprinkler is on! Time: 256 sec
Feb 22, 2016 6:39:57 PM garden.Heater$HeaterTask run
INFO: Heater is on! Time: 256 sec
Feb 22, 2016 6:39:58 PM garden.Fertilizer$FertilizerTask run
INFO: Fertilizing! Time: 256 sec
Feb 22, 2016 6:40:00 PM garden.Sprinkler$SprinklerOffTask run
INFO: Sprinkler is off! Time: 259 sec
Feb 22, 2016 6:40:00 PM garden.Heater$HeaterOffTask run
INFO: Heater is off! Time: 259 sec
Feb 22, 2016 6:40:01 PM garden.Fertilizer$FertilizerOffTask run
INFO: Fertilizing finished! Time: 259 sec
Feb 22, 2016 6:40:05 PM garden.Weather$WeatherTask run
INFO: 

 Today's weather/ situation is normal. Time: 264 sec
Feb 22, 2016 6:40:05 PM garden.Sprinkler$SprinklerTask run
INFO: Sprinkler is on! Time: 264 sec
Feb 22, 2016 6:40:05 PM garden.Heater$HeaterTask run
INFO: Heater is on! Time: 264 sec
Feb 22, 2016 6:40:06 PM garden.Fertilizer$FertilizerTask run
INFO: Fertilizing! Time: 264 sec
Feb 22, 2016 6:40:08 PM garden.Sprinkler$SprinklerOffTask run
INFO: Sprinkler is off! Time: 267 sec
Feb 22, 2016 6:40:08 PM garden.Heater$HeaterOffTask run
INFO: Heater is off! Time: 267 sec
Feb 22, 2016 6:40:09 PM garden.Fertilizer$FertilizerOffTask run
INFO: Fertilizing finished! Time: 268 sec
Feb 22, 2016 6:40:13 PM garden.Sprinkler$SprinklerTask run
INFO: Sprinkler is on! Time: 272 sec
Feb 22, 2016 6:40:13 PM garden.Heater$HeaterTask run
INFO: Heater is on! Time: 272 sec
Feb 22, 2016 6:40:14 PM garden.Fertilizer$FertilizerTask run
INFO: Fertilizing! Time: 272 sec
Feb 22, 2016 6:40:16 PM garden.Sprinkler$SprinklerOffTask run
INFO: Sprinkler is off! Time: 275 sec
Feb 22, 2016 6:40:16 PM garden.Heater$HeaterOffTask run
INFO: Heater is off! Time: 275 sec
Feb 22, 2016 6:40:17 PM garden.Fertilizer$FertilizerOffTask run
INFO: Fertilizing finished! Time: 276 sec
Feb 22, 2016 6:40:21 PM garden.Sprinkler$SprinklerTask run
INFO: Sprinkler is on! Time: 280 sec
Feb 22, 2016 6:40:21 PM garden.Heater$HeaterTask run
INFO: Heater is on! Time: 280 sec
Feb 22, 2016 6:40:22 PM garden.Fertilizer$FertilizerTask run
INFO: Fertilizing! Time: 281 sec
Feb 22, 2016 6:40:24 PM garden.Sprinkler$SprinklerOffTask run
INFO: Sprinkler is off! Time: 283 sec
Feb 22, 2016 6:40:24 PM garden.Heater$HeaterOffTask run
INFO: Heater is off! Time: 283 sec
Feb 22, 2016 6:40:25 PM garden.Fertilizer$FertilizerOffTask run
INFO: Fertilizing finished! Time: 284 sec
Feb 22, 2016 6:40:29 PM garden.Weather$WeatherTask run
INFO: 

 Today's weather/ situation is rainy. Time: 288 sec
Feb 22, 2016 6:40:29 PM garden.Heater$HeaterTask run
INFO: Heater is on! Time: 288 sec
Feb 22, 2016 6:40:30 PM garden.Sprinkler$SprinklerOffTaskRandom run
INFO: Sprinkler is off! Time: 288 sec
Feb 22, 2016 6:40:30 PM garden.Fertilizer$FertilizerTask run
INFO: Fertilizing! Time: 289 sec
Feb 22, 2016 6:40:32 PM garden.Heater$HeaterOffTask run
INFO: Heater is off! Time: 291 sec
Feb 22, 2016 6:40:33 PM garden.Fertilizer$FertilizerOffTask run
INFO: Fertilizing finished! Time: 292 sec
Feb 22, 2016 6:40:37 PM garden.Heater$HeaterTask run
INFO: Heater is on! Time: 296 sec
Feb 22, 2016 6:40:38 PM garden.Fertilizer$FertilizerTask run
INFO: Fertilizing! Time: 297 sec
Feb 22, 2016 6:40:40 PM garden.Heater$HeaterOffTask run
INFO: Heater is off! Time: 299 sec
Feb 22, 2016 6:40:41 PM garden.Fertilizer$FertilizerOffTask run
INFO: Fertilizing finished! Time: 300 sec
Feb 22, 2016 6:40:45 PM garden.Heater$HeaterTask run
INFO: Heater is on! Time: 304 sec
Feb 22, 2016 6:40:46 PM garden.Fertilizer$FertilizerTask run
INFO: Fertilizing! Time: 305 sec
Feb 22, 2016 6:40:48 PM garden.Heater$HeaterOffTask run
INFO: Heater is off! Time: 307 sec
Feb 22, 2016 6:40:49 PM garden.Fertilizer$FertilizerOffTask run
INFO: Fertilizing finished! Time: 308 sec
Feb 22, 2016 6:40:53 PM garden.Weather$WeatherTask run
INFO: 

 Today's weather/ situation is sunny. Time: 312 sec
Feb 22, 2016 6:40:53 PM garden.Heater$HeaterTask run
INFO: Heater is on! Time: 312 sec
Feb 22, 2016 6:40:54 PM garden.Sprinkler$SprinklerTaskRandom run
INFO: Sprinkler is on! Time: 312 sec
Feb 22, 2016 6:40:54 PM garden.Fertilizer$FertilizerTask run
INFO: Fertilizing! Time: 313 sec
Feb 22, 2016 6:40:56 PM garden.Heater$HeaterOffTask run
INFO: Heater is off! Time: 315 sec
Feb 22, 2016 6:40:57 PM garden.Fertilizer$FertilizerOffTask run
INFO: Fertilizing finished! Time: 316 sec
Feb 22, 2016 6:41:01 PM garden.Heater$HeaterTask run
INFO: Heater is on! Time: 320 sec
Feb 22, 2016 6:41:02 PM garden.Fertilizer$FertilizerTask run
INFO: Fertilizing! Time: 321 sec
Feb 22, 2016 6:41:05 PM garden.Heater$HeaterOffTask run
INFO: Heater is off! Time: 323 sec
Feb 22, 2016 6:41:05 PM garden.Fertilizer$FertilizerOffTask run
INFO: Fertilizing finished! Time: 324 sec
Feb 22, 2016 6:41:10 PM garden.Heater$HeaterTask run
INFO: Heater is on! Time: 328 sec
Feb 22, 2016 6:41:10 PM garden.Fertilizer$FertilizerTask run
INFO: Fertilizing! Time: 329 sec
Feb 22, 2016 6:41:13 PM garden.Heater$HeaterOffTask run
INFO: Heater is off! Time: 331 sec
Feb 22, 2016 6:41:13 PM garden.Fertilizer$FertilizerOffTask run
INFO: Fertilizing finished! Time: 332 sec
Feb 22, 2016 6:41:17 PM garden.Weather$WeatherTask run
INFO: 

 Today's weather/ situation is cold. Time: 336 sec
Feb 22, 2016 6:41:17 PM garden.Sprinkler$SprinklerTask run
INFO: Sprinkler is on! Time: 336 sec
Feb 22, 2016 6:41:18 PM garden.Heater$HeaterTaskRandom run
INFO: Heater is on! Time: 336 sec
Feb 22, 2016 6:41:18 PM garden.Fertilizer$FertilizerTask run
INFO: Fertilizing! Time: 337 sec
Feb 22, 2016 6:41:20 PM garden.Sprinkler$SprinklerOffTask run
INFO: Sprinkler is off! Time: 339 sec
Feb 22, 2016 6:41:21 PM garden.Fertilizer$FertilizerOffTask run
INFO: Fertilizing finished! Time: 340 sec
Feb 22, 2016 6:41:25 PM garden.Sprinkler$SprinklerTask run
INFO: Sprinkler is on! Time: 344 sec
Feb 22, 2016 6:41:26 PM garden.Fertilizer$FertilizerTask run
INFO: Fertilizing! Time: 345 sec
Feb 22, 2016 6:41:28 PM garden.Sprinkler$SprinklerOffTask run
INFO: Sprinkler is off! Time: 347 sec
Feb 22, 2016 6:41:29 PM garden.Fertilizer$FertilizerOffTask run
INFO: Fertilizing finished! Time: 348 sec
Feb 22, 2016 6:41:33 PM garden.Sprinkler$SprinklerTask run
INFO: Sprinkler is on! Time: 352 sec
Feb 22, 2016 6:41:34 PM garden.Fertilizer$FertilizerTask run
INFO: Fertilizing! Time: 353 sec
Feb 22, 2016 6:41:37 PM garden.Sprinkler$SprinklerOffTask run
INFO: Sprinkler is off! Time: 355 sec
Feb 22, 2016 6:41:37 PM garden.Fertilizer$FertilizerOffTask run
INFO: Fertilizing finished! Time: 356 sec
Feb 22, 2016 6:41:41 PM garden.Weather$WeatherTask run
INFO: 

 Today's weather/ situation is pest attack. Time: 360 sec
Feb 22, 2016 6:41:42 PM garden.Sprinkler$SprinklerTask run
INFO: Sprinkler is on! Time: 360 sec
Feb 22, 2016 6:41:42 PM garden.Heater$HeaterTask run
INFO: Heater is on! Time: 360 sec
Feb 22, 2016 6:41:42 PM garden.Pesticide$PesticideTask run
INFO: Pesticide spray and ladybug is on! Time: 361 sec
Feb 22, 2016 6:41:42 PM garden.Fertilizer$FertilizerTask run
INFO: Fertilizing! Time: 361 sec
Feb 22, 2016 6:41:45 PM garden.Sprinkler$SprinklerOffTask run
INFO: Sprinkler is off! Time: 363 sec
Feb 22, 2016 6:41:45 PM garden.Heater$HeaterOffTask run
INFO: Heater is off! Time: 363 sec
Feb 22, 2016 6:41:45 PM garden.Fertilizer$FertilizerOffTask run
INFO: Fertilizing finished! Time: 364 sec
Feb 22, 2016 6:41:50 PM garden.Sprinkler$SprinklerTask run
INFO: Sprinkler is on! Time: 368 sec
Feb 22, 2016 6:41:50 PM garden.Heater$HeaterTask run
INFO: Heater is on! Time: 368 sec
Feb 22, 2016 6:41:51 PM garden.Fertilizer$FertilizerTask run
INFO: Fertilizing! Time: 369 sec
Feb 22, 2016 6:41:53 PM garden.Sprinkler$SprinklerOffTask run
INFO: Sprinkler is off! Time: 371 sec
Feb 22, 2016 6:41:53 PM garden.Heater$HeaterOffTask run
INFO: Heater is off! Time: 371 sec
Feb 22, 2016 6:41:54 PM garden.Fertilizer$FertilizerOffTask run
INFO: Fertilizing finished! Time: 372 sec
Feb 22, 2016 6:41:58 PM garden.Sprinkler$SprinklerTask run
INFO: Sprinkler is on! Time: 376 sec
Feb 22, 2016 6:41:58 PM garden.Heater$HeaterTask run
INFO: Heater is on! Time: 376 sec
Feb 22, 2016 6:41:59 PM garden.Fertilizer$FertilizerTask run
INFO: Fertilizing! Time: 377 sec
Feb 22, 2016 6:42:01 PM garden.Sprinkler$SprinklerOffTask run
INFO: Sprinkler is off! Time: 379 sec
Feb 22, 2016 6:42:01 PM garden.Heater$HeaterOffTask run
INFO: Heater is off! Time: 379 sec
Feb 22, 2016 6:42:02 PM garden.Fertilizer$FertilizerOffTask run
INFO: Fertilizing finished! Time: 380 sec
Feb 22, 2016 6:42:05 PM garden.Weather$WeatherTask run
INFO: 

 Today's weather/ situation is rainy. Time: 384 sec
Feb 22, 2016 6:42:06 PM garden.Heater$HeaterTask run
INFO: Heater is on! Time: 384 sec
Feb 22, 2016 6:42:06 PM garden.Pesticide$PesticideOffTask run
INFO: Pesticide spray and ladybug is off! Time: 384 sec
Feb 22, 2016 6:42:06 PM garden.Sprinkler$SprinklerOffTaskRandom run
INFO: Sprinkler is off! Time: 385 sec
Feb 22, 2016 6:42:07 PM garden.Fertilizer$FertilizerTask run
INFO: Fertilizing! Time: 385 sec
Feb 22, 2016 6:42:09 PM garden.Heater$HeaterOffTask run
INFO: Heater is off! Time: 387 sec
Feb 22, 2016 6:42:10 PM garden.Fertilizer$FertilizerOffTask run
INFO: Fertilizing finished! Time: 388 sec
Feb 22, 2016 6:42:14 PM garden.Heater$HeaterTask run
INFO: Heater is on! Time: 392 sec
Feb 22, 2016 6:42:15 PM garden.Fertilizer$FertilizerTask run
INFO: Fertilizing! Time: 393 sec
Feb 22, 2016 6:42:17 PM garden.Heater$HeaterOffTask run
INFO: Heater is off! Time: 395 sec
Feb 22, 2016 6:42:18 PM garden.Fertilizer$FertilizerOffTask run
INFO: Fertilizing finished! Time: 396 sec
Feb 22, 2016 6:42:22 PM garden.Heater$HeaterTask run
INFO: Heater is on! Time: 400 sec
Feb 22, 2016 6:42:23 PM garden.Fertilizer$FertilizerTask run
INFO: Fertilizing! Time: 401 sec
Feb 22, 2016 6:42:25 PM garden.Heater$HeaterOffTask run
INFO: Heater is off! Time: 403 sec
Feb 22, 2016 6:42:26 PM garden.Fertilizer$FertilizerOffTask run
INFO: Fertilizing finished! Time: 404 sec
Feb 22, 2016 6:42:29 PM garden.Weather$WeatherTask run
INFO: 

 Today's weather/ situation is pest attack. Time: 408 sec
Feb 22, 2016 6:42:30 PM garden.Sprinkler$SprinklerTask run
INFO: Sprinkler is on! Time: 408 sec
Feb 22, 2016 6:42:30 PM garden.Heater$HeaterTask run
INFO: Heater is on! Time: 408 sec
Feb 22, 2016 6:42:30 PM garden.Pesticide$PesticideTask run
INFO: Pesticide spray and ladybug is on! Time: 409 sec
Feb 22, 2016 6:42:31 PM garden.Fertilizer$FertilizerTask run
INFO: Fertilizing! Time: 409 sec
Feb 22, 2016 6:42:33 PM garden.Sprinkler$SprinklerOffTask run
INFO: Sprinkler is off! Time: 411 sec
Feb 22, 2016 6:42:33 PM garden.Heater$HeaterOffTask run
INFO: Heater is off! Time: 411 sec
Feb 22, 2016 6:42:34 PM garden.Fertilizer$FertilizerOffTask run
INFO: Fertilizing finished! Time: 412 sec
Feb 22, 2016 6:42:38 PM garden.Sprinkler$SprinklerTask run
INFO: Sprinkler is on! Time: 416 sec
Feb 22, 2016 6:42:38 PM garden.Heater$HeaterTask run
INFO: Heater is on! Time: 416 sec
Feb 22, 2016 6:42:39 PM garden.Fertilizer$FertilizerTask run
INFO: Fertilizing! Time: 417 sec
Feb 22, 2016 6:42:41 PM garden.Sprinkler$SprinklerOffTask run
INFO: Sprinkler is off! Time: 419 sec
Feb 22, 2016 6:42:41 PM garden.Heater$HeaterOffTask run
INFO: Heater is off! Time: 419 sec
Feb 22, 2016 6:42:42 PM garden.Fertilizer$FertilizerOffTask run
INFO: Fertilizing finished! Time: 420 sec
Feb 22, 2016 6:42:46 PM garden.Sprinkler$SprinklerTask run
INFO: Sprinkler is on! Time: 424 sec
Feb 22, 2016 6:42:46 PM garden.Heater$HeaterTask run
INFO: Heater is on! Time: 424 sec
Feb 22, 2016 6:42:47 PM garden.Fertilizer$FertilizerTask run
INFO: Fertilizing! Time: 425 sec
Feb 22, 2016 6:42:49 PM garden.Sprinkler$SprinklerOffTask run
INFO: Sprinkler is off! Time: 427 sec
Feb 22, 2016 6:42:49 PM garden.Heater$HeaterOffTask run
INFO: Heater is off! Time: 427 sec
Feb 22, 2016 6:42:50 PM garden.Fertilizer$FertilizerOffTask run
INFO: Fertilizing finished! Time: 428 sec
Feb 22, 2016 6:42:53 PM garden.Weather$WeatherTask run
INFO: 

 Today's weather/ situation is hot. Time: 432 sec
Feb 22, 2016 6:42:54 PM garden.Sprinkler$SprinklerTask run
INFO: Sprinkler is on! Time: 432 sec
Feb 22, 2016 6:42:54 PM garden.Pesticide$PesticideOffTask run
INFO: Pesticide spray and ladybug is off! Time: 432 sec
Feb 22, 2016 6:42:54 PM garden.Heater$HeaterOffTaskRandom run
INFO: Heater is off! Time: 433 sec
Feb 22, 2016 6:42:55 PM garden.Fertilizer$FertilizerTask run
INFO: Fertilizing! Time: 433 sec
Feb 22, 2016 6:42:57 PM garden.Sprinkler$SprinklerOffTask run
INFO: Sprinkler is off! Time: 435 sec
Feb 22, 2016 6:42:58 PM garden.Fertilizer$FertilizerOffTask run
INFO: Fertilizing finished! Time: 436 sec
Feb 22, 2016 6:43:02 PM garden.Sprinkler$SprinklerTask run
INFO: Sprinkler is on! Time: 440 sec
Feb 22, 2016 6:43:03 PM garden.Fertilizer$FertilizerTask run
INFO: Fertilizing! Time: 441 sec
Feb 22, 2016 6:43:05 PM garden.Sprinkler$SprinklerOffTask run
INFO: Sprinkler is off! Time: 443 sec
Feb 22, 2016 6:43:06 PM garden.Fertilizer$FertilizerOffTask run
INFO: Fertilizing finished! Time: 444 sec
Feb 22, 2016 6:43:10 PM garden.Sprinkler$SprinklerTask run
INFO: Sprinkler is on! Time: 448 sec
Feb 22, 2016 6:43:11 PM garden.Fertilizer$FertilizerTask run
INFO: Fertilizing! Time: 449 sec
Feb 22, 2016 6:43:13 PM garden.Sprinkler$SprinklerOffTask run
INFO: Sprinkler is off! Time: 451 sec
Feb 22, 2016 6:43:14 PM garden.Fertilizer$FertilizerOffTask run
INFO: Fertilizing finished! Time: 452 sec
Feb 22, 2016 6:43:17 PM garden.Weather$WeatherTask run
INFO: 

 Today's weather/ situation is normal. Time: 456 sec
Feb 22, 2016 6:43:18 PM garden.Heater$HeaterTask run
INFO: Heater is on! Time: 456 sec
Feb 22, 2016 6:43:18 PM garden.Sprinkler$SprinklerTask run
INFO: Sprinkler is on! Time: 456 sec
Feb 22, 2016 6:43:19 PM garden.Fertilizer$FertilizerTask run
INFO: Fertilizing! Time: 457 sec
Feb 22, 2016 6:43:21 PM garden.Heater$HeaterOffTask run
INFO: Heater is off! Time: 459 sec
Feb 22, 2016 6:43:21 PM garden.Sprinkler$SprinklerOffTask run
INFO: Sprinkler is off! Time: 459 sec
Feb 22, 2016 6:43:22 PM garden.Fertilizer$FertilizerOffTask run
INFO: Fertilizing finished! Time: 460 sec
Feb 22, 2016 6:43:26 PM garden.Heater$HeaterTask run
INFO: Heater is on! Time: 464 sec
Feb 22, 2016 6:43:26 PM garden.Sprinkler$SprinklerTask run
INFO: Sprinkler is on! Time: 464 sec
Feb 22, 2016 6:43:27 PM garden.Fertilizer$FertilizerTask run
INFO: Fertilizing! Time: 465 sec
Feb 22, 2016 6:43:29 PM garden.Heater$HeaterOffTask run
INFO: Heater is off! Time: 467 sec
Feb 22, 2016 6:43:29 PM garden.Sprinkler$SprinklerOffTask run
INFO: Sprinkler is off! Time: 467 sec
Feb 22, 2016 6:43:30 PM garden.Fertilizer$FertilizerOffTask run
INFO: Fertilizing finished! Time: 468 sec
Feb 22, 2016 6:43:34 PM garden.Heater$HeaterTask run
INFO: Heater is on! Time: 472 sec
Feb 22, 2016 6:43:34 PM garden.Sprinkler$SprinklerTask run
INFO: Sprinkler is on! Time: 472 sec
Feb 22, 2016 6:43:35 PM garden.Fertilizer$FertilizerTask run
INFO: Fertilizing! Time: 473 sec
Feb 22, 2016 6:43:37 PM garden.Heater$HeaterOffTask run
INFO: Heater is off! Time: 475 sec
Feb 22, 2016 6:43:37 PM garden.Sprinkler$SprinklerOffTask run
INFO: Sprinkler is off! Time: 475 sec
Feb 22, 2016 6:43:38 PM garden.Fertilizer$FertilizerOffTask run
INFO: Fertilizing finished! Time: 476 sec
Feb 22, 2016 6:43:41 PM garden.Weather$WeatherTask run
INFO: 

 Today's weather/ situation is normal. Time: 480 sec
Feb 22, 2016 6:43:42 PM garden.Heater$HeaterTask run
INFO: Heater is on! Time: 480 sec
Feb 22, 2016 6:43:42 PM garden.Sprinkler$SprinklerTask run
INFO: Sprinkler is on! Time: 480 sec
Feb 22, 2016 6:43:43 PM garden.Fertilizer$FertilizerTask run
INFO: Fertilizing! Time: 481 sec
Feb 22, 2016 6:43:45 PM garden.Heater$HeaterOffTask run
INFO: Heater is off! Time: 483 sec
Feb 22, 2016 6:43:45 PM garden.Sprinkler$SprinklerOffTask run
INFO: Sprinkler is off! Time: 483 sec
Feb 22, 2016 6:43:46 PM garden.Fertilizer$FertilizerOffTask run
INFO: Fertilizing finished! Time: 484 sec
Feb 22, 2016 6:43:48 PM garden.Heater$HeaterTask run
INFO: Heater is on! Time: 486 sec
Feb 22, 2016 6:43:48 PM garden.Sprinkler$SprinklerTask run
INFO: Sprinkler is on! Time: 486 sec
Feb 22, 2016 6:43:49 PM garden.Fertilizer$FertilizerTask run
INFO: Fertilizing! Time: 487 sec
Feb 22, 2016 6:43:51 PM garden.Heater$HeaterOffTask run
INFO: Heater is off! Time: 489 sec
Feb 22, 2016 6:43:51 PM garden.Sprinkler$SprinklerOffTask run
INFO: Sprinkler is off! Time: 489 sec
Feb 22, 2016 6:43:52 PM garden.Fertilizer$FertilizerOffTask run
INFO: Fertilizing finished! Time: 490 sec
Feb 22, 2016 6:43:54 PM garden.Heater$HeaterTask run
INFO: Heater is on! Time: 492 sec
Feb 22, 2016 6:43:54 PM garden.Sprinkler$SprinklerTask run
INFO: Sprinkler is on! Time: 492 sec
Feb 22, 2016 6:43:55 PM garden.Fertilizer$FertilizerTask run
INFO: Fertilizing! Time: 493 sec
Feb 22, 2016 6:43:57 PM garden.Heater$HeaterOffTask run
INFO: Heater is off! Time: 495 sec
Feb 22, 2016 6:43:57 PM garden.Sprinkler$SprinklerOffTask run
INFO: Sprinkler is off! Time: 495 sec
Feb 22, 2016 6:43:58 PM garden.Fertilizer$FertilizerOffTask run
INFO: Fertilizing finished! Time: 496 sec
Feb 22, 2016 6:44:00 PM garden.Heater$HeaterTask run
INFO: Heater is on! Time: 498 sec
Feb 22, 2016 6:44:00 PM garden.Sprinkler$SprinklerTask run
INFO: Sprinkler is on! Time: 498 sec
Feb 22, 2016 6:44:01 PM garden.Fertilizer$FertilizerTask run
INFO: Fertilizing! Time: 499 sec
Feb 22, 2016 6:44:03 PM garden.Heater$HeaterOffTask run
INFO: Heater is off! Time: 501 sec
Feb 22, 2016 6:44:03 PM garden.Sprinkler$SprinklerOffTask run
INFO: Sprinkler is off! Time: 501 sec
Feb 22, 2016 6:44:04 PM garden.Fertilizer$FertilizerOffTask run
INFO: Fertilizing finished! Time: 502 sec
Feb 22, 2016 6:44:05 PM garden.Weather$WeatherTask run
INFO: 

 Today's weather/ situation is hot. Time: 504 sec
Feb 22, 2016 6:44:06 PM garden.Sprinkler$SprinklerTask run
INFO: Sprinkler is on! Time: 504 sec
Feb 22, 2016 6:44:07 PM garden.Heater$HeaterOffTaskRandom run
INFO: Heater is off! Time: 505 sec
Feb 22, 2016 6:44:07 PM garden.Fertilizer$FertilizerTask run
INFO: Fertilizing! Time: 505 sec
Feb 22, 2016 6:44:09 PM garden.Sprinkler$SprinklerOffTask run
INFO: Sprinkler is off! Time: 507 sec
Feb 22, 2016 6:44:10 PM garden.Fertilizer$FertilizerOffTask run
INFO: Fertilizing finished! Time: 508 sec
Feb 22, 2016 6:44:12 PM garden.Sprinkler$SprinklerTask run
INFO: Sprinkler is on! Time: 510 sec
Feb 22, 2016 6:44:13 PM garden.Fertilizer$FertilizerTask run
INFO: Fertilizing! Time: 511 sec
Feb 22, 2016 6:44:15 PM garden.Sprinkler$SprinklerOffTask run
INFO: Sprinkler is off! Time: 513 sec
Feb 22, 2016 6:44:16 PM garden.Fertilizer$FertilizerOffTask run
INFO: Fertilizing finished! Time: 514 sec
Feb 22, 2016 6:44:18 PM garden.Sprinkler$SprinklerTask run
INFO: Sprinkler is on! Time: 516 sec
Feb 22, 2016 6:44:19 PM garden.Fertilizer$FertilizerTask run
INFO: Fertilizing! Time: 517 sec
Feb 22, 2016 6:44:21 PM garden.Sprinkler$SprinklerOffTask run
INFO: Sprinkler is off! Time: 519 sec
Feb 22, 2016 6:44:22 PM garden.Fertilizer$FertilizerOffTask run
INFO: Fertilizing finished! Time: 520 sec
Feb 22, 2016 6:44:24 PM garden.Sprinkler$SprinklerTask run
INFO: Sprinkler is on! Time: 522 sec
Feb 22, 2016 6:44:25 PM garden.Fertilizer$FertilizerTask run
INFO: Fertilizing! Time: 523 sec
Feb 22, 2016 6:44:27 PM garden.Sprinkler$SprinklerOffTask run
INFO: Sprinkler is off! Time: 525 sec
Feb 22, 2016 6:44:28 PM garden.Fertilizer$FertilizerOffTask run
INFO: Fertilizing finished! Time: 527 sec
Feb 22, 2016 6:44:29 PM garden.Weather$WeatherTask run
INFO: 

 Today's weather/ situation is rainy. Time: 528 sec
Feb 22, 2016 6:44:30 PM garden.Heater$HeaterTask run
INFO: Heater is on! Time: 528 sec
Feb 22, 2016 6:44:31 PM garden.Sprinkler$SprinklerOffTaskRandom run
INFO: Sprinkler is off! Time: 529 sec
Feb 22, 2016 6:44:31 PM garden.Fertilizer$FertilizerTask run
INFO: Fertilizing! Time: 530 sec
Feb 22, 2016 6:44:33 PM garden.Heater$HeaterOffTask run
INFO: Heater is off! Time: 531 sec
Feb 22, 2016 6:44:34 PM garden.Fertilizer$FertilizerOffTask run
INFO: Fertilizing finished! Time: 533 sec
Feb 22, 2016 6:44:36 PM garden.Heater$HeaterTask run
INFO: Heater is on! Time: 534 sec
Feb 22, 2016 6:44:37 PM garden.Fertilizer$FertilizerTask run
INFO: Fertilizing! Time: 536 sec
Feb 22, 2016 6:44:39 PM garden.Heater$HeaterOffTask run
INFO: Heater is off! Time: 537 sec
Feb 22, 2016 6:44:40 PM garden.Fertilizer$FertilizerOffTask run
INFO: Fertilizing finished! Time: 539 sec
Feb 22, 2016 6:44:42 PM garden.Heater$HeaterTask run
INFO: Heater is on! Time: 540 sec
Feb 22, 2016 6:44:43 PM garden.Fertilizer$FertilizerTask run
INFO: Fertilizing! Time: 542 sec
Feb 22, 2016 6:44:45 PM garden.Heater$HeaterOffTask run
INFO: Heater is off! Time: 543 sec
Feb 22, 2016 6:44:46 PM garden.Fertilizer$FertilizerOffTask run
INFO: Fertilizing finished! Time: 545 sec
Feb 22, 2016 6:44:48 PM garden.Heater$HeaterTask run
INFO: Heater is on! Time: 546 sec
Feb 22, 2016 6:44:49 PM garden.Fertilizer$FertilizerTask run
INFO: Fertilizing! Time: 548 sec
Feb 22, 2016 6:44:51 PM garden.Heater$HeaterOffTask run
INFO: Heater is off! Time: 549 sec
Feb 22, 2016 6:44:52 PM garden.Fertilizer$FertilizerOffTask run
INFO: Fertilizing finished! Time: 551 sec
Feb 22, 2016 6:44:53 PM garden.Weather$WeatherTask run
INFO: 

 Today's weather/ situation is rainy. Time: 552 sec
Feb 22, 2016 6:44:54 PM garden.Heater$HeaterTask run
INFO: Heater is on! Time: 552 sec
Feb 22, 2016 6:44:55 PM garden.Sprinkler$SprinklerOffTaskRandom run
INFO: Sprinkler is off! Time: 553 sec
Feb 22, 2016 6:44:55 PM garden.Fertilizer$FertilizerTask run
INFO: Fertilizing! Time: 554 sec
Feb 22, 2016 6:44:57 PM garden.Heater$HeaterOffTask run
INFO: Heater is off! Time: 555 sec
Feb 22, 2016 6:44:58 PM garden.Fertilizer$FertilizerOffTask run
INFO: Fertilizing finished! Time: 557 sec
Feb 22, 2016 6:45:00 PM garden.Heater$HeaterTask run
INFO: Heater is on! Time: 558 sec
Feb 22, 2016 6:45:01 PM garden.Fertilizer$FertilizerTask run
INFO: Fertilizing! Time: 560 sec
Feb 22, 2016 6:45:03 PM garden.Heater$HeaterOffTask run
INFO: Heater is off! Time: 561 sec
Feb 22, 2016 6:45:04 PM garden.Fertilizer$FertilizerOffTask run
INFO: Fertilizing finished! Time: 563 sec
Feb 22, 2016 6:45:06 PM garden.Heater$HeaterTask run
INFO: Heater is on! Time: 564 sec
Feb 22, 2016 6:45:07 PM garden.Fertilizer$FertilizerTask run
INFO: Fertilizing! Time: 566 sec
Feb 22, 2016 6:45:09 PM garden.Heater$HeaterOffTask run
INFO: Heater is off! Time: 567 sec
Feb 22, 2016 6:45:10 PM garden.Fertilizer$FertilizerOffTask run
INFO: Fertilizing finished! Time: 569 sec
Feb 22, 2016 6:45:12 PM garden.Heater$HeaterTask run
INFO: Heater is on! Time: 570 sec
Feb 22, 2016 6:45:13 PM garden.Fertilizer$FertilizerTask run
INFO: Fertilizing! Time: 572 sec
Feb 22, 2016 6:45:15 PM garden.Heater$HeaterOffTask run
INFO: Heater is off! Time: 573 sec
Feb 22, 2016 6:45:16 PM garden.Fertilizer$FertilizerOffTask run
INFO: Fertilizing finished! Time: 575 sec
Feb 22, 2016 6:45:17 PM garden.Weather$WeatherTask run
INFO: 

 Today's weather/ situation is pest attack. Time: 576 sec
Feb 22, 2016 6:45:18 PM garden.Sprinkler$SprinklerTask run
INFO: Sprinkler is on! Time: 576 sec
Feb 22, 2016 6:45:18 PM garden.Heater$HeaterTask run
INFO: Heater is on! Time: 576 sec
Feb 22, 2016 6:45:19 PM garden.Pesticide$PesticideTask run
INFO: Pesticide spray and ladybug is on! Time: 577 sec
Feb 22, 2016 6:45:19 PM garden.Fertilizer$FertilizerTask run
INFO: Fertilizing! Time: 578 sec
Feb 22, 2016 6:45:21 PM garden.Sprinkler$SprinklerOffTask run
INFO: Sprinkler is off! Time: 579 sec
Feb 22, 2016 6:45:21 PM garden.Heater$HeaterOffTask run
INFO: Heater is off! Time: 579 sec
Feb 22, 2016 6:45:22 PM garden.Fertilizer$FertilizerOffTask run
INFO: Fertilizing finished! Time: 581 sec
Feb 22, 2016 6:45:24 PM garden.Sprinkler$SprinklerTask run
INFO: Sprinkler is on! Time: 582 sec
Feb 22, 2016 6:45:24 PM garden.Heater$HeaterTask run
INFO: Heater is on! Time: 582 sec
Feb 22, 2016 6:45:25 PM garden.Fertilizer$FertilizerTask run
INFO: Fertilizing! Time: 584 sec
Feb 22, 2016 6:45:27 PM garden.Sprinkler$SprinklerOffTask run
INFO: Sprinkler is off! Time: 585 sec
Feb 22, 2016 6:45:27 PM garden.Heater$HeaterOffTask run
INFO: Heater is off! Time: 585 sec
Feb 22, 2016 6:45:28 PM garden.Fertilizer$FertilizerOffTask run
INFO: Fertilizing finished! Time: 587 sec
Feb 22, 2016 6:45:30 PM garden.Sprinkler$SprinklerTask run
INFO: Sprinkler is on! Time: 588 sec
Feb 22, 2016 6:45:30 PM garden.Heater$HeaterTask run
INFO: Heater is on! Time: 588 sec
Feb 22, 2016 6:45:31 PM garden.Fertilizer$FertilizerTask run
INFO: Fertilizing! Time: 590 sec
Feb 22, 2016 6:45:33 PM garden.Sprinkler$SprinklerOffTask run
INFO: Sprinkler is off! Time: 591 sec
Feb 22, 2016 6:45:33 PM garden.Heater$HeaterOffTask run
INFO: Heater is off! Time: 591 sec
Feb 22, 2016 6:45:34 PM garden.Fertilizer$FertilizerOffTask run
INFO: Fertilizing finished! Time: 593 sec
Feb 22, 2016 6:45:36 PM garden.Sprinkler$SprinklerTask run
INFO: Sprinkler is on! Time: 594 sec
Feb 22, 2016 6:45:36 PM garden.Heater$HeaterTask run
INFO: Heater is on! Time: 594 sec
Feb 22, 2016 6:45:37 PM garden.Fertilizer$FertilizerTask run
INFO: Fertilizing! Time: 596 sec
Feb 22, 2016 6:45:39 PM garden.Sprinkler$SprinklerOffTask run
INFO: Sprinkler is off! Time: 597 sec
Feb 22, 2016 6:45:39 PM garden.Heater$HeaterOffTask run
INFO: Heater is off! Time: 597 sec
Feb 22, 2016 6:45:40 PM garden.Fertilizer$FertilizerOffTask run
INFO: Fertilizing finished! Time: 599 sec
Feb 22, 2016 6:45:41 PM garden.Weather$WeatherTask run
INFO: 

 Today's weather/ situation is normal. Time: 600 sec
Feb 22, 2016 6:45:42 PM garden.Sprinkler$SprinklerTask run
INFO: Sprinkler is on! Time: 600 sec
Feb 22, 2016 6:45:42 PM garden.Heater$HeaterTask run
INFO: Heater is on! Time: 600 sec
Feb 22, 2016 6:45:42 PM garden.Pesticide$PesticideOffTask run
INFO: Pesticide spray and ladybug is off! Time: 601 sec
Feb 22, 2016 6:45:43 PM garden.Fertilizer$FertilizerTask run
INFO: Fertilizing! Time: 602 sec
Feb 22, 2016 6:45:45 PM garden.Sprinkler$SprinklerOffTask run
INFO: Sprinkler is off! Time: 603 sec
Feb 22, 2016 6:45:45 PM garden.Heater$HeaterOffTask run
INFO: Heater is off! Time: 603 sec
Feb 22, 2016 6:45:47 PM garden.Fertilizer$FertilizerOffTask run
INFO: Fertilizing finished! Time: 605 sec
Feb 22, 2016 6:45:48 PM garden.Sprinkler$SprinklerTask run
INFO: Sprinkler is on! Time: 606 sec
Feb 22, 2016 6:45:48 PM garden.Heater$HeaterTask run
INFO: Heater is on! Time: 606 sec
Feb 22, 2016 6:45:50 PM garden.Fertilizer$FertilizerTask run
INFO: Fertilizing! Time: 608 sec
Feb 22, 2016 6:45:51 PM garden.Sprinkler$SprinklerOffTask run
INFO: Sprinkler is off! Time: 609 sec
Feb 22, 2016 6:45:51 PM garden.Heater$HeaterOffTask run
INFO: Heater is off! Time: 609 sec
Feb 22, 2016 6:45:53 PM garden.Fertilizer$FertilizerOffTask run
INFO: Fertilizing finished! Time: 611 sec
Feb 22, 2016 6:45:54 PM garden.Sprinkler$SprinklerTask run
INFO: Sprinkler is on! Time: 612 sec
Feb 22, 2016 6:45:54 PM garden.Heater$HeaterTask run
INFO: Heater is on! Time: 612 sec
Feb 22, 2016 6:45:56 PM garden.Fertilizer$FertilizerTask run
INFO: Fertilizing! Time: 614 sec
Feb 22, 2016 6:45:57 PM garden.Sprinkler$SprinklerOffTask run
INFO: Sprinkler is off! Time: 615 sec
Feb 22, 2016 6:45:57 PM garden.Heater$HeaterOffTask run
INFO: Heater is off! Time: 615 sec
Feb 22, 2016 6:45:59 PM garden.Fertilizer$FertilizerOffTask run
INFO: Fertilizing finished! Time: 617 sec
Feb 22, 2016 6:46:00 PM garden.Sprinkler$SprinklerTask run
INFO: Sprinkler is on! Time: 618 sec
Feb 22, 2016 6:46:00 PM garden.Heater$HeaterTask run
INFO: Heater is on! Time: 618 sec
Feb 22, 2016 6:46:02 PM garden.Fertilizer$FertilizerTask run
INFO: Fertilizing! Time: 620 sec
Feb 22, 2016 6:46:03 PM garden.Sprinkler$SprinklerOffTask run
INFO: Sprinkler is off! Time: 621 sec
Feb 22, 2016 6:46:03 PM garden.Heater$HeaterOffTask run
INFO: Heater is off! Time: 621 sec
Feb 22, 2016 6:46:05 PM garden.Fertilizer$FertilizerOffTask run
INFO: Fertilizing finished! Time: 623 sec
Feb 22, 2016 6:46:05 PM garden.Weather$WeatherTask run
INFO: 

 Today's weather/ situation is normal. Time: 624 sec
Feb 22, 2016 6:46:06 PM garden.Sprinkler$SprinklerTask run
INFO: Sprinkler is on! Time: 624 sec
Feb 22, 2016 6:46:06 PM garden.Heater$HeaterTask run
INFO: Heater is on! Time: 624 sec
Feb 22, 2016 6:46:08 PM garden.Fertilizer$FertilizerTask run
INFO: Fertilizing! Time: 626 sec
Feb 22, 2016 6:46:09 PM garden.Sprinkler$SprinklerOffTask run
INFO: Sprinkler is off! Time: 627 sec
Feb 22, 2016 6:46:09 PM garden.Heater$HeaterOffTask run
INFO: Heater is off! Time: 627 sec
Feb 22, 2016 6:46:11 PM garden.Fertilizer$FertilizerOffTask run
INFO: Fertilizing finished! Time: 629 sec
Feb 22, 2016 6:46:12 PM garden.Sprinkler$SprinklerTask run
INFO: Sprinkler is on! Time: 630 sec
Feb 22, 2016 6:46:12 PM garden.Heater$HeaterTask run
INFO: Heater is on! Time: 630 sec
Feb 22, 2016 6:46:14 PM garden.Fertilizer$FertilizerTask run
INFO: Fertilizing! Time: 632 sec
Feb 22, 2016 6:46:15 PM garden.Sprinkler$SprinklerOffTask run
INFO: Sprinkler is off! Time: 633 sec
Feb 22, 2016 6:46:15 PM garden.Heater$HeaterOffTask run
INFO: Heater is off! Time: 633 sec
Feb 22, 2016 6:46:17 PM garden.Fertilizer$FertilizerOffTask run
INFO: Fertilizing finished! Time: 635 sec
Feb 22, 2016 6:46:18 PM garden.Sprinkler$SprinklerTask run
INFO: Sprinkler is on! Time: 636 sec
Feb 22, 2016 6:46:18 PM garden.Heater$HeaterTask run
INFO: Heater is on! Time: 636 sec
Feb 22, 2016 6:46:20 PM garden.Fertilizer$FertilizerTask run
INFO: Fertilizing! Time: 638 sec
Feb 22, 2016 6:46:21 PM garden.Sprinkler$SprinklerOffTask run
INFO: Sprinkler is off! Time: 639 sec
Feb 22, 2016 6:46:21 PM garden.Heater$HeaterOffTask run
INFO: Heater is off! Time: 639 sec
Feb 22, 2016 6:46:23 PM garden.Fertilizer$FertilizerOffTask run
INFO: Fertilizing finished! Time: 641 sec
Feb 22, 2016 6:46:24 PM garden.Sprinkler$SprinklerTask run
INFO: Sprinkler is on! Time: 642 sec
Feb 22, 2016 6:46:24 PM garden.Heater$HeaterTask run
INFO: Heater is on! Time: 642 sec
Feb 22, 2016 6:46:26 PM garden.Fertilizer$FertilizerTask run
INFO: Fertilizing! Time: 644 sec
Feb 22, 2016 6:46:27 PM garden.Sprinkler$SprinklerOffTask run
INFO: Sprinkler is off! Time: 645 sec
Feb 22, 2016 6:46:27 PM garden.Heater$HeaterOffTask run
INFO: Heater is off! Time: 645 sec
Feb 22, 2016 6:46:29 PM garden.Fertilizer$FertilizerOffTask run
INFO: Fertilizing finished! Time: 647 sec
Feb 22, 2016 6:46:29 PM garden.Weather$WeatherTask run
INFO: 

 Today's weather/ situation is normal. Time: 648 sec
Feb 22, 2016 6:46:30 PM garden.Sprinkler$SprinklerTask run
INFO: Sprinkler is on! Time: 648 sec
Feb 22, 2016 6:46:30 PM garden.Heater$HeaterTask run
INFO: Heater is on! Time: 648 sec
Feb 22, 2016 6:46:32 PM garden.Fertilizer$FertilizerTask run
INFO: Fertilizing! Time: 650 sec
Feb 22, 2016 6:46:33 PM garden.Sprinkler$SprinklerOffTask run
INFO: Sprinkler is off! Time: 651 sec
Feb 22, 2016 6:46:33 PM garden.Heater$HeaterOffTask run
INFO: Heater is off! Time: 651 sec
Feb 22, 2016 6:46:35 PM garden.Fertilizer$FertilizerOffTask run
INFO: Fertilizing finished! Time: 653 sec
Feb 22, 2016 6:46:36 PM garden.Sprinkler$SprinklerTask run
INFO: Sprinkler is on! Time: 654 sec
Feb 22, 2016 6:46:36 PM garden.Heater$HeaterTask run
INFO: Heater is on! Time: 654 sec
